Build started 2016-08-15 오전 12:02:48.
     1>Project "c:\Users\pmk\documents\visual studio 2010\Projects\Coursera_alg1\Coursera_alg1\Coursera_alg1.vcxproj" on node 2 (build target(s)).
     1>InitializeBuildStatus:
         Creating "Debug\Coursera_alg1.unsuccessfulbuild" because "AlwaysCreate" was specified.
       ClCompile:
         C:\Program Files (x86)\Microsoft Visual Studio 10.0\VC\bin\CL.exe /c /ZI /nologo /W3 /WX- /Od /Oy- /D WIN32 /D _DEBUG /D _CONSOLE /D _UNICODE /D UNICODE /Gm /EHsc /RTC1 /MDd /GS /fp:precise /Zc:wchar_t /Zc:forScope /Fo"Debug\\" /Fd"Debug\vc100.pdb" /Gd /TC /analyze- /errorReport:prompt main.c
         main.c
     1>c:\users\pmk\documents\visual studio 2010\projects\coursera_alg1\coursera_alg1\main.c(10): warning C4996: 'fopen': This function or variable may be unsafe. Consider using fopen_s instead. To disable deprecation, use _CRT_SECURE_NO_WARNINGS. See online help for details.
                 c:\program files (x86)\microsoft visual studio 10.0\vc\include\stdio.h(234) : see declaration of 'fopen'
     1>c:\users\pmk\documents\visual studio 2010\projects\coursera_alg1\coursera_alg1\main.c(23): warning C4996: 'fscanf': This function or variable may be unsafe. Consider using fscanf_s instead. To disable deprecation, use _CRT_SECURE_NO_WARNINGS. See online help for details.
                 c:\program files (x86)\microsoft visual studio 10.0\vc\include\stdio.h(253) : see declaration of 'fscanf'
       Link:
         C:\Program Files (x86)\Microsoft Visual Studio 10.0\VC\bin\link.exe /ERRORREPORT:PROMPT /OUT:"c:\users\pmk\documents\visual studio 2010\Projects\Coursera_alg1\Debug\Coursera_alg1.exe" /INCREMENTAL:NO /NOLOGO kernel32.lib user32.lib gdi32.lib winspool.lib comdlg32.lib advapi32.lib shell32.lib ole32.lib oleaut32.lib uuid.lib odbc32.lib odbccp32.lib /MANIFEST /ManifestFile:"Debug\Coursera_alg1.exe.intermediate.manifest" /MANIFESTUAC:"level='asInvoker' uiAccess='false'" /DEBUG /PDB:"c:\users\pmk\documents\visual studio 2010\Projects\Coursera_alg1\Debug\Coursera_alg1.pdb" /SUBSYSTEM:CONSOLE /TLBID:1 /DYNAMICBASE /NXCOMPAT /IMPLIB:"c:\users\pmk\documents\visual studio 2010\Projects\Coursera_alg1\Debug\Coursera_alg1.lib" /MACHINE:X86 Debug\main.obj
     1>main.obj : warning LNK4075: ignoring '/EDITANDCONTINUE' due to '/INCREMENTAL:NO' specification
         Coursera_alg1.vcxproj -> c:\users\pmk\documents\visual studio 2010\Projects\Coursera_alg1\Debug\Coursera_alg1.exe
       Manifest:
         C:\Program Files (x86)\Microsoft SDKs\Windows\v7.0A\bin\mt.exe /nologo /verbose /outputresource:"c:\users\pmk\documents\visual studio 2010\Projects\Coursera_alg1\Debug\Coursera_alg1.exe;#1" /manifest Debug\Coursera_alg1.exe.intermediate.manifest
       FinalizeBuildStatus:
         Deleting file "Debug\Coursera_alg1.unsuccessfulbuild".
         Touching "Debug\Coursera_alg1.lastbuildstate".
     1>Done Building Project "c:\Users\pmk\documents\visual studio 2010\Projects\Coursera_alg1\Coursera_alg1\Coursera_alg1.vcxproj" (build target(s)).

Build succeeded.

Time Elapsed 00:00:00.66
